From:	CEBAF::LEROSE       27-SEP-1991 16:15:30.00
To:	ULMER,NOZAR
CC:	
Subj:	TRANSPORT Matrices

	The following is a TRANSPORT output containing the information you 
wanted. TRANSFORM 1 is the first order matrix from the target to that location.
TRANSFORM 2 is the first order matrix from the last UPDATE. You may notice some
small variations in the f.o. matrix from previous matrices I've given you. They
are just the result of round off errors in putting the numbers into the input
deck for this calculation. I gave it the field settings and magnet spacings
based on a previous calculation where I fitted the field values and spacings.
There is some round off error in transcribing the numbers which leads to small
variations in the final matrix.
					Enjoy!
					-John
input  file: [LEROSE.TRNSPT]ULMER.DAT
output file: [LEROSE.TRNSPT]ULMER.OUT
1
 "4 GeV QQDnQ, SC, CONE11FA 2/23/90                                               "
     0
     1.000000       "BEAM"      0.01000    65.00000     5.00000    30.00000     0.00000     5.00000     4.00000;
    16.00                       5.00000    12.50000;
    16.00                       7.00000     0.60000;
    16.00                       8.20000     4.40000;
     3.0            "D0  "      1.69519;
     5.00           "Q0  "      0.80000     0.90939     1.00000;
     3.0            "D1  "      0.62500;
    13.                         4.00000;
    13.                        24.00000;
     6.             "UD  "      0.00000     2.00000;
     3.0            "D1  "      0.62500;
    18.00           "SQ1 "      0.01000     0.00000     1.00000;
     5.00           "Q1  "      1.78000    -0.32179     1.00000;
    18.00           "SQ1 "      0.01000     0.00000     1.00000;
     3.0                        2.00000;
    13.                         4.00000;
    13.                        24.00000;
     6.             "UD  "      0.00000     2.00000;
     3.0            "D2  "      2.41581;
    16.00           "R1  "     12.00000     0.00000;
     2.0            "rot "    -30.00000;
     4.000          "DI  "      3.29860    15.88452    -1.25000;
    16.00                      12.00000     0.00000;
    16.00           "B2  "      1.00000     0.00000;
    16.00           "R2  "     13.00000    -0.40000;
     4.000          "DI  "      3.29860    15.88452    -1.25000;
     2.0            "rot "    -30.00000;
     3.0            "D3  "      0.75000;
    13.                         4.00000;
    13.                        24.00000;
     6.             "UD  "      0.00000     2.00000;
     3.0            "D3  "      0.75000;
    18.00           "SS  "      0.01000     0.00000     1.00000;
     5.00           "Q4  "      1.78000    -0.31070     1.00000;
    18.00           "SS  "      0.01000     0.00000     1.00000;
     3.0            "D4  "      3.57162;
    13.                         4.00000;
    13.                        24.00000;
     3.0                        0.00000;
 SENTINEL
14 GeV QQDnQ, SC, CONE11FA 2/23/90                                               

 *BEAM*          1.     "BEAM"      4.00000 GEV 
      0.000 M                                                              0.000   0.010 CM  
                                                                           0.000  65.000 MR      0.000
                                                                           0.000   5.000 CM      0.000  0.000
                                                                           0.000  30.000 MR      0.000  0.000  0.000
                                                                           0.000   0.000 CM      0.000  0.000  0.000  0.000
                                                                           0.000   5.000 PC      0.000  0.000  0.000  0.000  0.000
 * G/2 *        16.                 5.    0.12500E+02
 * K1 *         16.                 7.    0.60000E+00
 * K2 *         16.                 8.    0.44000E+01
 *DRIFT*         3.     "D0  "      1.69519 M   
      1.695 M   
 *QUAD*          5.     "Q0  "      0.80000 M         0.90939 KG        1.00000 CM   (       1.97444 M   )
      2.495 M   
 *DRIFT*         3.     "D1  "      0.62500 M   
      3.120 M   
 *TRANSFORM 1*                
              0.47317   0.20388   0.00000   0.00000   0.00000   0.00000
             -5.06472  -0.06886   0.00000   0.00000   0.00000   0.00000
              0.00000   0.00000   1.59225   0.43250   0.00000   0.00000
              0.00000   0.00000   5.85772   2.21914   0.00000   0.00000
              0.00000   0.00000   0.00000   0.00000   1.00000   0.00000
              0.00000   0.00000   0.00000   0.00000   0.00000   1.00000
 *TRANSFORM 2*                
              0.47317   0.20388   0.00000   0.00000   0.00000   0.00000
             -5.06472  -0.06886   0.00000   0.00000   0.00000   0.00000
              0.00000   0.00000   1.59225   0.43250   0.00000   0.00000
              0.00000   0.00000   5.85772   2.21914   0.00000   0.00000
              0.00000   0.00000   0.00000   0.00000   1.00000   0.00000
              0.00000   0.00000   0.00000   0.00000   0.00000   1.00000
 *UPDATE*        6.     "UD  "      (0.)       2.0
 *DRIFT*         3.     "D1  "      0.62500 M   
      3.745 M   
 *SEXT*         18.     "SQ1 "      0.01000 M         0.00000 KG        1.00000 CM  
      3.755 M   
 *QUAD*          5.     "Q1  "      1.78000 M        -0.32179 KG        1.00000 CM   (      -2.05722 M   )
      5.535 M   
 *SEXT*         18.     "SQ1 "      0.01000 M         0.00000 KG        1.00000 CM  
      5.545 M   
 *DRIFT*         3.                 2.00000 M   
      7.545 M   
 *TRANSFORM 1*                
             -2.09185   0.44228   0.00000   0.00000   0.00000   0.00000
             -6.38951   0.87290   0.00000   0.00000   0.00000   0.00000
              0.00000   0.00000   1.44355   0.56659   0.00000   0.00000
              0.00000   0.00000  -3.64005  -0.73597   0.00000   0.00000
              0.00000   0.00000   0.00000   0.00000   1.00000   0.00000
              0.00000   0.00000   0.00000   0.00000   0.00000   1.00000
 *TRANSFORM 2*                
              2.38408   0.63575   0.00000   0.00000   0.00000   0.00000
              4.86094   1.71570   0.00000   0.00000   0.00000   0.00000
              0.00000   0.00000  -0.11546   0.27782   0.00000   0.00000
              0.00000   0.00000  -3.76671   0.40246   0.00000   0.00000
              0.00000   0.00000   0.00000   0.00000   1.00000   0.00000
              0.00000   0.00000   0.00000   0.00000   0.00000   1.00000
 *UPDATE*        6.     "UD  "      (0.)       2.0
 *DRIFT*         3.     "D2  "      2.41581 M   
      9.961 M   
 * 1/R1 *       16.     "R1  "     12.    0.00000E+00
 *ROTAT*         2.     "rot "    -30.00000 DEG 
      9.961 M   
 *BEND*          4.     "DI  "      3.29860 M        15.88452 KG       -1.25000    (     8.39972 M   ,  22.5003 DEG )
     13.260 M   
 * 1/R1 *       16.                12.    0.00000E+00
 *BETA*         16.     "B2  "      1.    0.00000E+00
 * 1/R2 *       16.     "R2  "     13.   -0.40000E+00
 *BEND*          4.     "DI  "      3.29860 M        15.88452 KG       -1.25000    (     8.39972 M   ,  22.5003 DEG )
     16.558 M   
 *ROTAT*         2.     "rot "    -30.00000 DEG 
     16.558 M   
 *DRIFT*         3.     "D3  "      0.75000 M   
     17.308 M   
 *TRANSFORM 1*                
             -2.89040   0.37643   0.00000   0.00000   0.00000   2.64776
              6.84883  -1.23794   0.00000   0.00000   0.00000   4.57516
              0.00000   0.00000  -1.99195   0.21303   0.00000   0.00000
              0.00000   0.00000  -4.98901   0.03154   0.00000   0.00000
              3.13581  -0.50000   0.00000   0.00000   1.00000  -0.63272
              0.00000   0.00000   0.00000   0.00000   0.00000   1.00000
 *TRANSFORM 2*                
             -0.11779   0.49093   0.00000   0.00000   0.00000   2.64776
             -1.93148  -0.43954   0.00000   0.00000   0.00000   4.57516
              0.00000   0.00000   2.24147   1.43614   0.00000   0.00000
              0.00000   0.00000   3.78657   2.87224   0.00000   0.00000
             -0.45752  -0.34099   0.00000   0.00000   1.00000  -0.63272
              0.00000   0.00000   0.00000   0.00000   0.00000   1.00000
 *UPDATE*        6.     "UD  "      (0.)       2.0
 *DRIFT*         3.     "D3  "      0.75000 M   
     18.058 M   
 *SEXT*         18.     "SS  "      0.01000 M         0.00000 KG        1.00000 CM  
     18.068 M   
 *QUAD*          5.     "Q4  "      1.78000 M        -0.31070 KG        1.00000 CM   (      -2.13958 M   )
     19.848 M   
 *SEXT*         18.     "SS  "      0.01000 M         0.00000 KG        1.00000 CM  
     19.858 M   
 *DRIFT*         3.     "D4  "      3.57162 M   
     23.430 M   
 *TRANSFORM 1*                
             -2.47684   0.00001   0.00000   0.00000   0.00000  12.38404
             -1.54183  -0.40374   0.00000   0.00000   0.00000  20.36959
              0.00000   0.00000  -0.39598  -0.12887   0.00000   0.00000
              0.00000   0.00000   5.40453  -0.76653   0.00000   0.00000
              3.13581  -0.50000   0.00000   0.00000   1.00000  -0.63272
              0.00000   0.00000   0.00000   0.00000   0.00000   1.00000
 *TRANSFORM 2*                
              3.06613   0.93235   0.00000   0.00000   0.00000   0.00000
              4.67382   1.74736   0.00000   0.00000   0.00000   0.00000
              0.00000   0.00000  -0.65541   0.34106   0.00000   0.00000
              0.00000   0.00000  -3.65376   0.37554   0.00000   0.00000
              0.00000   0.00000   0.00000   0.00000   1.00000   0.00000
              0.00000   0.00000   0.00000   0.00000   0.00000   1.00000
 *DRIFT*         3.                 0.00000 M   
0*LENGTH*         23.42982 M   
1
  DISTANCE  LABEL      X          Y

    0.000  "BEAM"    0.0100    5.0000
    0.000  "    "    0.0100    5.0000
    0.000  "    "    0.0100    5.0000
    0.000  "    "    0.0100    5.0000
    1.695  "D0  "   11.0187    7.1318
    2.495  "Q0  "   13.5317   10.7365
    3.120  "D1  "   13.2520   15.2227
    3.745  "D1  "   12.9723   19.7361
    3.755  "SQ1 "   12.9678   19.8084
    5.535  "Q1  "   17.3440   24.0368
    5.545  "SQ1 "   17.4007   24.0089
    7.545  "    "   28.7484   18.4666
    9.961  "D2  "   42.4553   12.0000
    9.961  "R1  "   42.4553   12.0000
    9.961  "rot "   42.4553   12.0000
   13.260  "DI  "   43.9861    8.5339
   13.260  "    "   43.9861    8.5339
   13.260  "B2  "   43.9861    8.5339
   13.260  "R2  "   43.9861    8.5339
   16.558  "DI  "   32.6072   10.2652
   16.558  "rot "   32.6072   10.2652
   17.308  "D3  "   27.8201   11.8340
   18.058  "D3  "   23.7365   13.4805
   18.068  "SS  "   23.6886   13.5029
   19.848  "Q4  "   27.1229   12.4507
   19.858  "SS  "   27.2094   12.4173
   23.430  "D4  "   61.9202    4.3435
   23.430  "    "   61.9202    4.3435

------------------------------------------------------------------------

The above information has been put into files with the following names:

HRS_TGT_Q1Q2.DAT         Matrix from target to point between Q1 and Q2
HRS_TGT_Q2D.DAT          Matrix from target to point between Q2 and Dipole
HRS_TGT_DQ3.DAT          Matrix from target to point between Dipole and Q3
HRS_TGT_FP.DAT           Matrix from target to focal plane

HRS_Q1.DAT               Matrix for Q1 alone (from target to after Q1)
HRS_Q2.DAT               Matrix for Q2 alone
HRS_D.DAT                Matrix for dipole alone
HRS_Q3.DAT               Matrix for Q3 alone (to focal plane)


Thus, the first four matrices are cummulative whereas the last four represent
the effect of the individual magnetic elements (plus appropriate drifts).

I have verified that the product of the last four matrices agrees
with the full spectrometer matrix HRS_TGT_FP.DAT


